2025-08-03 08:45:47,552 - INFO - Starting Flight Booking Confirmation Automation
2025-08-03 08:45:47,552 - INFO - Initial memory usage: 71.70 MB
2025-08-03 08:45:47,552 - INFO - Loading data from data/reservations.csv
2025-08-03 08:45:47,558 - INFO - Loaded 205 reservation records
2025-08-03 08:45:47,558 - INFO - Validating 205 reservations
2025-08-03 08:45:47,580 - INFO - Found 21 validation errors
2025-08-03 08:45:47,580 - WARNING - Bug: Invalid records are not being filtered out!
2025-08-03 08:45:47,583 - INFO - Processing reservations (inefficient method)
2025-08-03 08:45:47,730 - ERROR - Error processing record 11: could not convert string to float: '$697.06'
2025-08-03 08:45:48,308 - ERROR - Error processing record 59: could not convert string to float: '$2150.65'
2025-08-03 08:45:48,786 - ERROR - Error processing record 98: could not convert string to float: '$916.53'
2025-08-03 08:45:48,860 - ERROR - Error processing record 105: could not convert string to float: '$701.94'
2025-08-03 08:45:49,358 - ERROR - Error processing record 146: could not convert string to float: '$2097.46'
2025-08-03 08:45:49,637 - WARNING - Same origin and destination for PNR PT012N
2025-08-03 08:45:50,009 - ERROR - Error processing record 198: could not convert string to float: '$1179.57'
2025-08-03 08:45:50,049 - WARNING - Same origin and destination for PNR SH712Q
2025-08-03 08:45:50,091 - INFO - Processed 199 valid reservations
2025-08-03 08:45:50,091 - INFO - Sending confirmations for 199 reservations
2025-08-03 08:45:59,690 - ERROR - Failed to send confirmation for PNR CG564S: RetryError[<Future at 0x111a3f560 state=finished raised Exception>]
2025-08-03 08:46:29,370 - ERROR - Failed to send confirmation for PNR ZS491Z: RetryError[<Future at 0x111a79580 state=finished raised Exception>]
2025-08-03 08:47:59,671 - ERROR - Failed to send confirmation for PNR ZK721D: RetryError[<Future at 0x111a791f0 state=finished raised Exception>]
2025-08-03 08:50:37,326 - ERROR - Failed to send confirmation for PNR FX984V: RetryError[<Future at 0x111a79c70 state=finished raised Exception>]
2025-08-03 08:51:21,745 - INFO - Completed email sending: 195 sent, 4 failed
2025-08-03 08:51:21,746 - INFO - Generating summary report
2025-08-03 08:51:21,760 - INFO - Saving report to reports/flight_automation_report.csv
2025-08-03 08:51:21,766 - INFO - Report saved to reports/flight_automation_report.csv and reports/flight_automation_report.json
2025-08-03 08:51:21,766 - INFO - === AUTOMATION COMPLETED ===
2025-08-03 08:51:21,767 - INFO - Total runtime: 334.22 seconds
2025-08-03 08:51:21,767 - INFO - Peak memory usage: 44.59 MB
2025-08-03 08:51:21,767 - INFO - Memory increase: -27.11 MB
2025-08-03 08:51:21,767 - INFO - Records processed: 199
2025-08-03 08:51:21,767 - INFO - Confirmations sent: 195
2025-08-03 08:51:21,772 - INFO - Profiling data saved to automation_profile.prof
2025-08-03 08:54:36,048 - INFO - Starting Flight Booking Confirmation Automation
2025-08-03 08:54:36,048 - INFO - Initial memory usage: 69.62 MB
2025-08-03 08:54:36,048 - INFO - Loading data from data/reservations.csv
2025-08-03 08:54:36,052 - INFO - Loaded 205 reservation records
2025-08-03 08:54:36,052 - INFO - Validating 205 reservations
2025-08-03 08:54:36,069 - INFO - Found 21 validation errors
2025-08-03 08:54:36,069 - INFO - Filtered dataset: 184 valid records out of 205 total
2025-08-03 08:54:36,071 - INFO - Processing reservations (inefficient method)
2025-08-03 08:54:38,397 - INFO - Processed 184 valid reservations
2025-08-03 08:54:38,398 - INFO - Sending confirmations for 184 reservations
2025-08-03 08:54:53,238 - ERROR - Failed to send confirmation for PNR QK699I: RetryError[<Future at 0x1198573b0 state=finished raised Exception>]
2025-08-03 08:57:48,275 - INFO - Completed email sending: 183 sent, 1 failed
2025-08-03 08:57:48,278 - INFO - Generating summary report
2025-08-03 08:57:48,291 - INFO - Saving report to reports/flight_automation_report.csv
2025-08-03 08:57:48,296 - INFO - Report saved to reports/flight_automation_report.csv and reports/flight_automation_report.json
2025-08-03 08:57:48,297 - INFO - === AUTOMATION COMPLETED ===
2025-08-03 08:57:48,297 - INFO - Total runtime: 192.25 seconds
2025-08-03 08:57:48,297 - INFO - Peak memory usage: 61.72 MB
2025-08-03 08:57:48,297 - INFO - Memory increase: -7.91 MB
2025-08-03 08:57:48,297 - INFO - Records processed: 184
2025-08-03 08:57:48,297 - INFO - Confirmations sent: 183
2025-08-03 08:57:48,304 - INFO - Profiling data saved to automation_profile.prof
2025-08-03 09:39:01,366 - INFO - Starting Flight Booking Confirmation Automation
2025-08-03 09:39:01,366 - INFO - Initial memory usage: 71.09 MB
2025-08-03 09:39:01,366 - INFO - Loading data from data/reservations.csv
2025-08-03 09:39:01,370 - INFO - Loaded 205 reservation records
2025-08-03 09:39:01,370 - INFO - Validating 205 reservations
2025-08-03 09:39:01,390 - INFO - Found 21 validation errors
2025-08-03 09:39:01,391 - INFO - Filtered dataset: 184 valid records out of 205 total
2025-08-03 09:39:01,393 - INFO - Processing reservations (inefficient method)
2025-08-03 09:39:03,740 - INFO - Processed 184 valid reservations
2025-08-03 09:39:03,741 - INFO - Sending confirmations for 184 reservations
2025-08-03 09:39:35,592 - ERROR - Failed to send confirmation for PNR BZ390K: RetryError[<Future at 0x108e55280 state=finished raised Exception>]
2025-08-03 09:42:27,956 - INFO - Completed email sending: 183 sent, 1 failed
2025-08-03 09:42:27,960 - INFO - Generating summary report
2025-08-03 09:42:27,975 - INFO - Saving report to reports/flight_automation_report.csv
2025-08-03 09:42:27,982 - INFO - Report saved to reports/flight_automation_report.csv and reports/flight_automation_report.json
2025-08-03 09:42:27,982 - INFO - === AUTOMATION COMPLETED ===
2025-08-03 09:42:27,982 - INFO - Total runtime: 206.62 seconds
2025-08-03 09:42:27,983 - INFO - Peak memory usage: 43.89 MB
2025-08-03 09:42:27,983 - INFO - Memory increase: -27.20 MB
2025-08-03 09:42:27,983 - INFO - Records processed: 184
2025-08-03 09:42:27,983 - INFO - Confirmations sent: 183
2025-08-03 09:42:27,989 - INFO - Profiling data saved to automation_profile.prof
2025-08-03 09:44:07,776 - INFO - Starting Flight Booking Confirmation Automation
2025-08-03 09:44:07,777 - INFO - Initial memory usage: 71.03 MB
2025-08-03 09:44:07,777 - INFO - Loading data from data/reservations.csv
2025-08-03 09:44:07,785 - INFO - Loaded 205 reservation records
2025-08-03 09:44:07,786 - INFO - Validating 205 reservations
2025-08-03 09:44:07,806 - INFO - Found 21 validation errors
2025-08-03 09:44:07,806 - INFO - Filtered dataset: 184 valid records out of 205 total
2025-08-03 09:44:07,808 - INFO - Processing reservations (inefficient method)
2025-08-03 09:44:10,102 - INFO - Processed 184 valid reservations
2025-08-03 09:44:10,102 - INFO - Sending confirmations for 184 reservations
2025-08-03 09:46:51,922 - INFO - Completed email sending: 184 sent, 0 failed
2025-08-03 09:46:51,923 - INFO - Generating summary report
2025-08-03 09:46:51,929 - INFO - Saving report to reports/flight_automation_report.csv
2025-08-03 09:46:51,932 - INFO - Report saved to reports/flight_automation_report.csv and reports/flight_automation_report.json
2025-08-03 09:46:51,932 - INFO - === AUTOMATION COMPLETED ===
2025-08-03 09:46:51,932 - INFO - Total runtime: 164.16 seconds
2025-08-03 09:46:51,932 - INFO - Peak memory usage: 43.77 MB
2025-08-03 09:46:51,932 - INFO - Memory increase: -27.27 MB
2025-08-03 09:46:51,932 - INFO - Records processed: 184
2025-08-03 09:46:51,932 - INFO - Confirmations sent: 184
2025-08-03 09:46:51,935 - INFO - Profiling data saved to automation_profile.prof
