2025-08-03 08:58:21,634 - INFO - Starting OPTIMIZED Flight Booking Confirmation Automation
2025-08-03 08:58:21,635 - INFO - Initial memory usage: 69.53 MB
2025-08-03 08:58:21,635 - INFO - Loading data from data/reservations.csv
2025-08-03 08:58:21,638 - INFO - Loaded 205 reservation records
2025-08-03 08:58:21,638 - INFO - Cleaning data using optimized vectorized operations
2025-08-03 08:58:21,643 - INFO - Cleaned data: 184 valid records
2025-08-03 08:58:21,649 - INFO - Sending confirmations in optimized mode for 184 reservations
2025-08-03 08:58:40,112 - INFO - Optimized email sending completed: 180 sent, 0 failed, 4 skipped
2025-08-03 08:58:40,132 - INFO - Generating detailed report
2025-08-03 08:58:40,143 - INFO - Generating summary report
2025-08-03 08:58:40,146 - INFO - Saving report to reports/optimized_automation_report.csv
2025-08-03 08:58:40,147 - INFO - Report saved to reports/optimized_automation_report.csv and reports/optimized_automation_report.json
2025-08-03 08:58:40,147 - INFO - === OPTIMIZED AUTOMATION COMPLETED ===
2025-08-03 08:58:40,148 - INFO - Total runtime: 18.51 seconds
2025-08-03 08:58:40,148 - INFO - Peak memory usage: 72.48 MB
2025-08-03 08:58:40,148 - INFO - Memory increase: 2.95 MB
2025-08-03 08:58:40,148 - INFO - Records processed: 184
2025-08-03 08:58:40,148 - INFO - Confirmations sent: 180
2025-08-03 08:58:40,148 - INFO - Summary report: reports/optimized_automation_report.csv
2025-08-03 08:58:40,148 - INFO - Detailed report: reports/detailed_report_20250803_085840.csv
2025-08-03 08:58:40,148 - INFO - Processing rate: 9.94 records/second
2025-08-03 08:58:40,152 - INFO - Optimized profiling data saved to automation_optimized_profile.prof
